<?xml version="1.0" encoding="UTF-8"?>
<testng-results ignored="0" total="1" passed="1" failed="0" skipped="0">
  <reporter-output>
  </reporter-output>
  <suite started-at="2023-04-21T09:20:42 IST" name="Suite" finished-at="2023-04-21T09:21:19 IST" duration-ms="37004">
    <groups>
    </groups>
    <test started-at="2023-04-21T09:20:42 IST" name="Test1" finished-at="2023-04-21T09:21:19 IST" duration-ms="37004">
      <class name="testng.LoginPage">
        <test-method is-config="true" signature="setupSuite(org.testng.ITestContext)[pri:0, instance:testng.LoginPage@2dde1bff]" started-at="2023-04-21T09:20:42 IST" name="setupSuite" finished-at="2023-04-21T09:20:42 IST" duration-ms="39" status="PASS">
          <params>
            <param index="0">
              <value>
                <![CDATA[org.testng.TestRunner@3f23a3a0]]>
              </value>
            </param>
          </params>
          <reporter-output>
          </reporter-output>
        </test-method> <!-- setupSuite -->
        <test-method is-config="true" signature="startTest()[pri:0, instance:testng.LoginPage@2dde1bff]" started-at="2023-04-21T09:20:42 IST" name="startTest" finished-at="2023-04-21T09:20:42 IST" duration-ms="504" status="PASS">
          <reporter-output>
          </reporter-output>
        </test-method> <!-- startTest -->
        <test-method is-config="true" signature="beforeTest(java.lang.String)[pri:0, instance:testng.LoginPage@2dde1bff]" started-at="2023-04-21T09:20:42 IST" name="beforeTest" finished-at="2023-04-21T09:21:09 IST" duration-ms="26336" status="PASS">
          <params>
            <param index="0">
              <value>
                <![CDATA[chrome]]>
              </value>
            </param>
          </params>
          <reporter-output>
          </reporter-output>
        </test-method> <!-- beforeTest -->
        <test-method signature="loginSite(java.lang.String, java.lang.String)[pri:0, instance:testng.LoginPage@2dde1bff]" started-at="2023-04-21T09:21:09 IST" name="loginSite" data-provider="logins" finished-at="2023-04-21T09:21:19 IST" duration-ms="10074" status="PASS">
          <params>
            <param index="0">
              <value>
                <![CDATA[admin]]>
              </value>
            </param>
            <param index="1">
              <value>
                <![CDATA[123456]]>
              </value>
            </param>
          </params>
          <reporter-output>
          </reporter-output>
        </test-method> <!-- loginSite -->
        <test-method is-config="true" signature="afterTest()[pri:0, instance:testng.LoginPage@2dde1bff]" started-at="2023-04-21T09:21:19 IST" name="afterTest" finished-at="2023-04-21T09:21:19 IST" duration-ms="512" status="PASS">
          <reporter-output>
          </reporter-output>
        </test-method> <!-- afterTest -->
        <test-method is-config="true" signature="endTest()[pri:0, instance:testng.LoginPage@2dde1bff]" started-at="2023-04-21T09:21:19 IST" name="endTest" finished-at="2023-04-21T09:21:20 IST" duration-ms="995" status="PASS">
          <reporter-output>
          </reporter-output>
        </test-method> <!-- endTest -->
      </class> <!-- testng.LoginPage -->
    </test> <!-- Test1 -->
  </suite> <!-- Suite -->
</testng-results>
